{"C:\\Users\\swayam maheshwari\\Documents\\web development\\MERN PROJECT\\00_EXAMPLE\\app\\Jest\\subtract.js": {"path":"C:\\Users\\swayam maheshwari\\Documents\\web development\\MERN PROJECT\\00_EXAMPLE\\app\\Jest\\subtract.js","statementMap":{"0":{"start":{"line":2,"column":2},"end":{"line":2,"column":15}},"1":{"start":{"line":6,"column":2},"end":{"line":6,"column":23}},"2":{"start":{"line":8,"column":0},"end":{"line":8,"column":26}}},"fnMap":{"0":{"name":"subtract","decl":{"start":{"line":1,"column":9},"end":{"line":1,"column":17}},"loc":{"start":{"line":1,"column":24},"end":{"line":3,"column":1}},"line":1},"1":{"name":"helper","decl":{"start":{"line":5,"column":9},"end":{"line":5,"column":15}},"loc":{"start":{"line":5,"column":18},"end":{"line":7,"column":1}},"line":5}},"branchMap":{},"s":{"0":1,"1":0,"2":1},"f":{"0":1,"1":0},"b":{},"_coverageSchema":"1a1c01bbd47fc00a2c39e90264f33305004495a9","hash":"ce3cd126212d122142ef069e4ef6589fedaf7029"}
,"C:\\Users\\swayam maheshwari\\Documents\\web development\\MERN PROJECT\\00_EXAMPLE\\app\\Jest\\sum.js": {"path":"C:\\Users\\swayam maheshwari\\Documents\\web development\\MERN PROJECT\\00_EXAMPLE\\app\\Jest\\sum.js","statementMap":{"0":{"start":{"line":2,"column":2},"end":{"line":2,"column":15}},"1":{"start":{"line":4,"column":0},"end":{"line":4,"column":21}}},"fnMap":{"0":{"name":"sum","decl":{"start":{"line":1,"column":9},"end":{"line":1,"column":12}},"loc":{"start":{"line":1,"column":19},"end":{"line":3,"column":1}},"line":1}},"branchMap":{},"s":{"0":1,"1":1},"f":{"0":1},"b":{},"_coverageSchema":"1a1c01bbd47fc00a2c39e90264f33305004495a9","hash":"fbe06af3510126164162304f353aae714c727933"}
}
